VAR n : INT;
VAR x : INT;
VAR y : INT;
VAR q : INT;
VAR f : INT;
VAR qwe : BOOL;
VAR zx : [INT];
VAR qw : [[INT]];
VAR we : [[INT]];
VAR wa : [INT];
VAR z1 : BOOL;
VAR z2 : BOOL;
VAR z3 : BOOL;
VAR z4 : BOOL;
VAR z5 : BOOL;

0: if (true) then {1, 10} else {};
1: x := 0 goto {2};
2: y := (x + 1) goto {3};
3: q := (-y) goto {4};
4: qwe := true goto {5};
5: x := 5 goto {6};
6: q := 0 goto {7};
7: if (true) then {8, 30} else {};
8: if ((q == x) || (q < x)) then {9} else {};
9: q := (q + 1) goto {7};
10: if (true) then {11, 22} else {};
11: n := (1 + 5) goto {12};
12: y := n goto {13};
13: x := (0 + n) goto {14};
14: n := (6 - n) goto {15};
15: y := (n * 10) goto {16};
16: n := (y / 5) goto {17};
17: zx := [] goto {18};
18: qw := [] goto {19};
19: we := [[3, 5], []] goto {20};
20: wa := UPD(zx, 0, 1) goto {21};
21: f := APP(wa, 0) goto {30};
22: if (true) then {23, 30} else {};
23: x := 0 goto {24};
24: y := 1 goto {25};
25: z1 := x < y goto {26};
26: z2 := (x == y) || (x < y) goto {27};
27: z3 := y < x goto {28};
28: z4 := (x == y) || (y < x) goto {29};
29: z5 := !(true) goto {22};
